0 info it worked if it ends with ok
1 verbose cli [ '/Users/anton/.nvm/versions/node/v6.11.5/bin/node',
1 verbose cli   '/Users/anton/.nvm/versions/node/v6.11.5/bin/npm',
1 verbose cli   'run',
1 verbose cli   'devserver' ]
2 info using npm@3.10.10
3 info using node@v6.11.5
4 verbose run-script [ 'predevserver', 'devserver', 'postdevserver' ]
5 info lifecycle natours@1.0.0~predevserver: natours@1.0.0
6 silly lifecycle natours@1.0.0~predevserver: no script for predevserver, continuing
7 info lifecycle natours@1.0.0~devserver: natours@1.0.0
8 verbose lifecycle natours@1.0.0~devserver: unsafe-perm in lifecycle true
9 verbose lifecycle natours@1.0.0~devserver: PATH: /Users/anton/.nvm/versions/node/v6.11.5/lib/node_modules/npm/bin/node-gyp-bin:/Users/anton/Developer/advanced-css-course/natours/node_modules/.bin:/Users/anton/.nvm/versions/node/v6.11.5/bin:/Library/Frameworks/Python.framework/Versions/3.10/bin:/usr/local/bin:/usr/bin:/bin:/usr/sbin:/sbin:/Library/Apple/usr/bin:/Users/anton/Developer/flutter/bin:/Users/anton/Library/Android/sdk:/Users/anton/.pub-cache/bin
10 verbose lifecycle natours@1.0.0~devserver: CWD: /Users/anton/Developer/advanced-css-course/natours
11 silly lifecycle natours@1.0.0~devserver: Args: [ '-c', 'live-server' ]
12 silly lifecycle natours@1.0.0~devserver: Returned: code: 1  signal: null
13 info lifecycle natours@1.0.0~devserver: Failed to exec devserver script
14 verbose stack Error: natours@1.0.0 devserver: `live-server`
14 verbose stack Exit status 1
14 verbose stack     at EventEmitter.<anonymous> (/Users/anton/.nvm/versions/node/v6.11.5/lib/node_modules/npm/lib/utils/lifecycle.js:255:16)
14 verbose stack     at emitTwo (events.js:106:13)
14 verbose stack     at EventEmitter.emit (events.js:191:7)
14 verbose stack     at ChildProcess.<anonymous> (/Users/anton/.nvm/versions/node/v6.11.5/lib/node_modules/npm/lib/utils/spawn.js:40:14)
14 verbose stack     at emitTwo (events.js:106:13)
14 verbose stack     at ChildProcess.emit (events.js:191:7)
14 verbose stack     at maybeClose (internal/child_process.js:920:16)
14 verbose stack     at Process.ChildProcess._handle.onexit (internal/child_process.js:230:5)
15 verbose pkgid natours@1.0.0
16 verbose cwd /Users/anton/Developer/advanced-css-course/natours
17 error Darwin 21.6.0
18 error argv "/Users/anton/.nvm/versions/node/v6.11.5/bin/node" "/Users/anton/.nvm/versions/node/v6.11.5/bin/npm" "run" "devserver"
19 error node v6.11.5
20 error npm  v3.10.10
21 error code ELIFECYCLE
22 error natours@1.0.0 devserver: `live-server`
22 error Exit status 1
23 error Failed at the natours@1.0.0 devserver script 'live-server'.
23 error Make sure you have the latest version of node.js and npm installed.
23 error If you do, this is most likely a problem with the natours package,
23 error not with npm itself.
23 error Tell the author that this fails on your system:
23 error     live-server
23 error You can get information on how to open an issue for this project with:
23 error     npm bugs natours
23 error Or if that isn't available, you can get their info via:
23 error     npm owner ls natours
23 error There is likely additional logging output above.
24 verbose exit [ 1, true ]
